  ćwiczenia6.cpp
C:\Users\kamin\Desktop\wdi\ćwiczenia6\ćwiczenia6\ćwiczenia6.cpp(14,1): error C4430: missing type specifier - int assumed. Note: C++ does not support default-int
C:\Users\kamin\Desktop\wdi\ćwiczenia6\ćwiczenia6\ćwiczenia6.cpp(14,1): error C2365: 'initTab': redefinition; previous definition was 'function'
      C:\Users\kamin\Desktop\wdi\ćwiczenia6\ćwiczenia6\ćwiczenia6.cpp(11,6):
      see declaration of 'initTab'
  
C:\Users\kamin\Desktop\wdi\ćwiczenia6\ćwiczenia6\ćwiczenia6.cpp(14,9): error C2065: 'tab': undeclared identifier
C:\Users\kamin\Desktop\wdi\ćwiczenia6\ćwiczenia6\ćwiczenia6.cpp(24,5): error C2065: 't': undeclared identifier
C:\Users\kamin\Desktop\wdi\ćwiczenia6\ćwiczenia6\ćwiczenia6.cpp(24,21): error C2065: 'nSize': undeclared identifier
C:\Users\kamin\Desktop\wdi\ćwiczenia6\ćwiczenia6\ćwiczenia6.cpp(32,19): error C2065: 't': undeclared identifier
C:\Users\kamin\Desktop\wdi\ćwiczenia6\ćwiczenia6\ćwiczenia6.cpp(32,12): warning C4473: 'printf' : not enough arguments passed for format string
      C:\Users\kamin\Desktop\wdi\ćwiczenia6\ćwiczenia6\ćwiczenia6.cpp(32,12):
      placeholders and their parameters expect 1 variadic arguments, but 0 were provided
      C:\Users\kamin\Desktop\wdi\ćwiczenia6\ćwiczenia6\ćwiczenia6.cpp(32,12):
      the missing variadic argument 1 is required by format string '%d'
  
C:\Users\kamin\Desktop\wdi\ćwiczenia6\ćwiczenia6\ćwiczenia6.cpp(33,18): error C2065: 'MAXLINE': undeclared identifier
C:\Users\kamin\Desktop\wdi\ćwiczenia6\ćwiczenia6\ćwiczenia6.cpp(54,29): error C2131: expression did not evaluate to a constant
      C:\Users\kamin\Desktop\wdi\ćwiczenia6\ćwiczenia6\ćwiczenia6.cpp(54,29):
      failure was caused by a read of a variable outside its lifetime
      C:\Users\kamin\Desktop\wdi\ćwiczenia6\ćwiczenia6\ćwiczenia6.cpp(54,29):
      see usage of 'i'
  
C:\Users\kamin\Desktop\wdi\ćwiczenia6\ćwiczenia6\ćwiczenia6.cpp(54,33): error C2075: 'tab': initialization requires a brace-enclosed initializer list
C:\Users\kamin\Desktop\wdi\ćwiczenia6\ćwiczenia6\ćwiczenia6.cpp(54,52): error C3863: array type 'int [& i++1]' is not assignable
